apt-transport-https
build-essential
ca-certificates
cmake
cowsay
curl  
evemu-tools
evtest
g++ 
git
input-utils
joystick
jstest-gtk
libasio-dev
libclang-dev
libegl1
libgflags-dev
libgl1-mesa-dev
libglfw3-dev
libglu1-mesa-dev
libglvnd0
libglx0
libgtk-3-dev
libssl-dev
libssl-dev
libtinyxml2-dev
libusb-1.0-0-dev
libusb-1.0*
libx11-6
libxext6
libyaml-cpp-dev
llvm-dev 
mesa-utils
nano
neovim
net-tools
nlohmann-json3-dev
passwd
pip
pkg-config
python3
python3-matplotlib
python3-pandas 
python3-pip
python3-pip
python3-rosdep
python3-rosdep
python3-sphinx
ros-dev-tools
ros-${ROS_DISTRO}-ament-cmake
ros-${ROS_DISTRO}-cartographer*
ros-${ROS_DISTRO}-cyclonedds
ros-${ROS_DISTRO}-image-*
ros-${ROS_DISTRO}-imu-tools
ros-${ROS_DISTRO}-irobot-create-nodes
ros-${ROS_DISTRO}-joint-state-publisher*
ros-${ROS_DISTRO}-joy-teleop
ros-${ROS_DISTRO}-nav*
ros-${ROS_DISTRO}-rmw-cyclonedds-cpp
ros-${ROS_DISTRO}-robot-state-publisher* 
ros-${ROS_DISTRO}-rviz2*
ros-${ROS_DISTRO}-teleop-twist-joy
ros-${ROS_DISTRO}-teleop-twist-keyboard
ros-${ROS_DISTRO}-xacro
ros-${ROS_DISTRO}-zenoh-bridge-dds
software-properties-common
sudo
swig
tmux
udev
unzip
wget
